// Paste your Render build logs here2025-10-11T15:42:28.638534958Z       ^
2025-10-11T15:42:28.638537448Z 
2025-10-11T15:42:28.638541018Z Error: listen EADDRINUSE: address already in use :::3002
2025-10-11T15:42:28.638543568Z     at Server.setupListenHandle [as _listen2] (node:net:1940:16)
2025-10-11T15:42:28.638546239Z     at listenInCluster (node:net:1997:12)
2025-10-11T15:42:28.638548799Z     at Server.listen (node:net:2102:7)
2025-10-11T15:42:28.638551969Z     at AutoRecoverySystem.startHealthServer (/opt/render/project/src/auto-recovery-system.js:36:16)
2025-10-11T15:42:28.638555189Z     at AutoRecoverySystem.start (/opt/render/project/src/auto-recovery-system.js:19:14)
2025-10-11T15:42:28.638575199Z     at Object.<anonymous> (/opt/render/project/src/auto-recovery-system.js:102:16)
2025-10-11T15:42:28.638580129Z     at Module._compile (node:internal/modules/cjs/loader:1760:14)
2025-10-11T15:42:28.638583609Z     at Object..js (node:internal/modules/cjs/loader:1893:10)
2025-10-11T15:42:28.6385856Z     at Module.load (node:internal/modules/cjs/loader:1480:32)
2025-10-11T15:42:28.63858742Z     at Module._load (node:internal/modules/cjs/loader:1299:12)
2025-10-11T15:42:28.63858964Z Emitted 'error' event on Server instance at:
2025-10-11T15:42:28.63859147Z     at emitErrorNT (node:net:1976:8)
2025-10-11T15:42:28.63859318Z     at process.processTicksAndRejections (node:internal/process/task_queues:90:21) {
2025-10-11T15:42:28.63859553Z   code: 'EADDRINUSE',
2025-10-11T15:42:28.63859721Z   errno: -98,
2025-10-11T15:42:28.63859888Z   syscall: 'listen',
2025-10-11T15:42:28.63860083Z   address: '::',
2025-10-11T15:42:28.63860251Z   port: 3002
2025-10-11T15:42:28.63860419Z }
2025-10-11T15:42:28.63860578Z 
2025-10-11T15:42:28.63860742Z Node.js v24.10.0
2025-10-11T15:42:28.735089309Z node:events:486
2025-10-11T15:42:28.73511159Z       throw er; // Unhandled 'error' event
2025-10-11T15:42:28.73511559Z       ^
2025-10-11T15:42:28.73511858Z 
2025-10-11T15:42:28.73512298Z Error: listen EADDRINUSE: address already in use :::3002
2025-10-11T15:42:28.73512592Z     at Server.setupListenHandle [as _listen2] (node:net:1940:16)
2025-10-11T15:42:28.7351289Z     at listenInCluster (node:net:1997:12)
2025-10-11T15:42:28.73513202Z     at Server.listen (node:net:2102:7)
2025-10-11T15:42:28.7351393Z     at HealthMonitoringSystem.startHealthServer (/opt/render/project/src/health-monitoring-system.js:46:16)
2025-10-11T15:42:28.7351434Z     at HealthMonitoringSystem.start (/opt/render/project/src/health-monitoring-system.js:22:14)
2025-10-11T15:42:28.735147021Z     at Object.<anonymous> (/opt/render/project/src/health-monitoring-system.js:144:15)
2025-10-11T15:42:28.735150871Z     at Module._compile (node:internal/modules/cjs/loader:1760:14)
2025-10-11T15:42:28.735153971Z     at Object..js (node:internal/modules/cjs/loader:1893:10)
2025-10-11T15:42:28.735156451Z     at Module.load (node:internal/modules/cjs/loader:1480:32)
2025-10-11T15:42:28.735159031Z     at Module._load (node:internal/modules/cjs/loader:1299:12)
2025-10-11T15:42:28.735161751Z Emitted 'error' event on Server instance at:
2025-10-11T15:42:28.735164591Z     at emitErrorNT (node:net:1976:8)
2025-10-11T15:42:28.735167581Z     at process.processTicksAndRejections (node:internal/process/task_queues:90:21) {
2025-10-11T15:42:28.735170861Z   code: 'EADDRINUSE',
2025-10-11T15:42:28.735173921Z   errno: -98,
2025-10-11T15:42:28.735177061Z   syscall: 'listen',
2025-10-11T15:42:28.735179652Z   address: '::',
2025-10-11T15:42:28.735182281Z   port: 3002
2025-10-11T15:42:28.735184752Z }
2025-10-11T15:42:28.735187382Z 
2025-10-11T15:42:28.735190502Z Node.js v24.10.0
2025-10-11T15:42:29.239274827Z 
2025-10-11T15:42:29.239313248Z > dha-digital-services@2.0.0 start
2025-10-11T15:42:29.239318049Z > bash ultra-robust-start.sh
2025-10-11T15:42:29.239320718Z 
2025-10-11T15:42:29.333805277Z 🚀 Starting Ultra-Robust Server...
2025-10-11T15:42:29.334895885Z 📡 Attempt 1/10: Starting server...
2025-10-11T15:42:29.735160825Z ✅ Server started successfully. Exiting restart loop.
2025-10-11T15:42:29.838256572Z 💾 Starting Advanced Memory Management...
2025-10-11T15:42:29.94023159Z node:events:486
2025-10-11T15:42:29.940257761Z       throw er; // Unhandled 'error' event
2025-10-11T15:42:29.940260981Z       ^
2025-10-11T15:42:29.940277182Z 
2025-10-11T15:42:29.940280682Z Error: listen EADDRINUSE: address already in use :::3002
2025-10-11T15:42:29.940283092Z     at Server.setupListenHandle [as _listen2] (node:net:1940:16)
2025-10-11T15:42:29.940285432Z     at listenInCluster (node:net:1997:12)
2025-10-11T15:42:29.940287892Z     at Server.listen (node:net:2102:7)
2025-10-11T15:42:29.940294562Z     at AutoRecoverySystem.startHealthServer (/opt/render/project/src/auto-recovery-system.js:36:16)
2025-10-11T15:42:29.940298572Z     at AutoRecoverySystem.start (/opt/render/project/src/auto-recovery-system.js:19:14)
2025-10-11T15:42:29.940301392Z     at Object.<anonymous> (/opt/render/project/src/auto-recovery-system.js:102:16)
2025-10-11T15:42:29.940304842Z     at Module._compile (node:internal/modules/cjs/loader:1760:14)
2025-10-11T15:42:29.940310483Z     at Object..js (node:internal/modules/cjs/loader:1893:10)
2025-10-11T15:42:29.940313243Z     at Module.load (node:internal/modules/cjs/loader:1480:32)
2025-10-11T15:42:29.940315443Z     at Module._load (node:internal/modules/cjs/loader:1299:12)
2025-10-11T15:42:29.940317813Z Emitted 'error' event on Server instance at:
2025-10-11T15:42:29.940320183Z     at emitErrorNT (node:net:1976:8)
2025-10-11T15:42:29.940322873Z     at process.processTicksAndRejections (node:internal/process/task_queues:90:21) {
2025-10-11T15:42:29.940326193Z   code: 'EADDRINUSE',
2025-10-11T15:42:29.940328773Z   errno: -98,
2025-10-11T15:42:29.940331273Z   syscall: 'listen',
2025-10-11T15:42:29.940333733Z   address: '::',
2025-10-11T15:42:29.940336323Z   port: 3002
2025-10-11T15:42:29.940338713Z }
2025-10-11T15:42:29.940340853Z 
2025-10-11T15:42:29.940343093Z Node.js v24.10.0
2025-10-11T15:42:30.038402462Z 🔥 Starting Anti-Sleep System...
2025-10-11T15:42:30.038899165Z node:events:486
2025-10-11T15:42:30.038915426Z       throw er; // Unhandled 'error' event
2025-10-11T15:42:30.038918595Z       ^
2025-10-11T15:42:30.038920826Z 
2025-10-11T15:42:30.038923766Z Error: listen EADDRINUSE: address already in use :::3002
2025-10-11T15:42:30.038926026Z     at Server.setupListenHandle [as _listen2] (node:net:1940:16)
2025-10-11T15:42:30.038928406Z     at listenInCluster (node:net:1997:12)
2025-10-11T15:42:30.038930666Z     at Server.listen (node:net:2102:7)
2025-10-11T15:42:30.038935966Z     at HealthMonitoringSystem.startHealthServer (/opt/render/project/src/health-monitoring-system.js:46:16)
2025-10-11T15:42:30.038939196Z     at HealthMonitoringSystem.start (/opt/render/project/src/health-monitoring-system.js:22:14)
2025-10-11T15:42:30.038941576Z     at Object.<anonymous> (/opt/render/project/src/health-monitoring-system.js:144:15)
2025-10-11T15:42:30.038944396Z     at Module._compile (node:internal/modules/cjs/loader:1760:14)
2025-10-11T15:42:30.038946806Z     at Object..js (node:internal/modules/cjs/loader:1893:10)
2025-10-11T15:42:30.038949016Z     at Module.load (node:internal/modules/cjs/loader:1480:32)
2025-10-11T15:42:30.038951376Z     at Module._load (node:internal/modules/cjs/loader:1299:12)
2025-10-11T15:42:30.038954047Z Emitted 'error' event on Server instance at:
2025-10-11T15:42:30.038956276Z     at emitErrorNT (node:net:1976:8)
2025-10-11T15:42:30.038958756Z     at process.processTicksAndRejections (node:internal/process/task_queues:90:21) {
2025-10-11T15:42:30.038962077Z   code: 'EADDRINUSE',
2025-10-11T15:42:30.038964387Z   errno: -98,
2025-10-11T15:42:30.038966697Z   syscall: 'listen',
2025-10-11T15:42:30.038968967Z   address: '::',
2025-10-11T15:42:30.038971457Z   port: 3002
2025-10-11T15:42:30.038973787Z }
2025-10-11T15:42:30.038975797Z 
2025-10-11T15:42:30.038990807Z Node.js v24.10.0
2025-10-11T15:42:30.13992965Z node:events:486
2025-10-11T15:42:30.13995761Z       throw er; // Unhandled 'error' event
2025-10-11T15:42:30.1399615Z       ^
2025-10-11T15:42:30.139964431Z 
2025-10-11T15:42:30.139968131Z Error: listen EADDRINUSE: address already in use :::3003
2025-10-11T15:42:30.139970961Z     at Server.setupListenHandle [as _listen2] (node:net:1940:16)
2025-10-11T15:42:30.139973921Z     at listenInCluster (node:net:1997:12)
2025-10-11T15:42:30.139976741Z     at Server.listen (node:net:2102:7)
2025-10-11T15:42:30.139979991Z     at AntiSleepSystem.startHealthServer (/opt/render/project/src/anti-sleep-system.js:79:16)
2025-10-11T15:42:30.139981721Z     at AntiSleepSystem.start (/opt/render/project/src/anti-sleep-system.js:23:14)
2025-10-11T15:42:30.139983991Z     at Object.<anonymous> (/opt/render/project/src/anti-sleep-system.js:97:11)
2025-10-11T15:42:30.139985831Z     at Module._compile (node:internal/modules/cjs/loader:1760:14)
2025-10-11T15:42:30.139987581Z     at Object..js (node:internal/modules/cjs/loader:1893:10)
2025-10-11T15:42:30.139989301Z     at Module.load (node:internal/modules/cjs/loader:1480:32)
2025-10-11T15:42:30.139990941Z     at Module._load (node:internal/modules/cjs/loader:1299:12)
2025-10-11T15:42:30.139992661Z Emitted 'error' event on Server instance at:
2025-10-11T15:42:30.139994301Z     at emitErrorNT (node:net:1976:8)
2025-10-11T15:42:30.139995941Z     at process.processTicksAndRejections (node:internal/process/task_queues:90:21) {
2025-10-11T15:42:30.139998351Z   code: 'EADDRINUSE',
2025-10-11T15:42:30.140000132Z   errno: -98,
2025-10-11T15:42:30.140002201Z   syscall: 'listen',
2025-10-11T15:42:30.140003921Z   address: '::',
2025-10-11T15:42:30.140005572Z   port: 3003
2025-10-11T15:42:30.140007241Z }
2025-10-11T15:42:30.140008812Z 
2025-10-11T15:42:30.140010432Z Node.js v24.10.0